<?xml version="1.0" encoding="UTF-8"?>
<!-- Generated by org.testng.reporters.JUnitXMLReporter -->
<testsuite hostname="Roshith-PC" ignored="0" name="Regression1" tests="3" failures="0" timestamp="10 Jun 2018 11:20:38 GMT" time="22.341" errors="0">
  <testcase name="f" time="0.001" classname="com.MVN.SampleProject.SmokeTest"/>
  <testcase name="test" time="0.0" classname="com.MVN.SampleProject.SmokeTest"/>
  <testcase name="startWebDriver" time="22.302" classname="com.MVN.SampleProject.MyFirstChromeTest"/>
</testsuite> <!-- Regression1 -->
